Flutter crash report; please file at https://github.com/flutter/flutter/issues.

## command

flutter --no-color run --machine --track-widget-creation --device-id=6A90AE80-B09B-4FFC-B2F0-E82DEF261CB3 lib/main.dart

## exception

YamlException: Error on line 20, column 3: While parsing a block collection, expected '-'.
   ╷
20 │   plugin:
   │   ^
   ╵

```
#0      Parser._parseBlockSequenceEntry (package:yaml/src/parser.dart:376:5)
#1      Parser._stateMachine (package:yaml/src/parser.dart:77:16)
#2      Parser.parse (package:yaml/src/parser.dart:47:19)
#3      Loader._loadSequence (package:yaml/src/loader.dart:142:23)
#4      Loader._loadNode (package:yaml/src/loader.dart:84:16)
#5      Loader._loadMapping (package:yaml/src/loader.dart:165:19)
#6      Loader._loadNode (package:yaml/src/loader.dart:86:16)
#7      Loader._loadDocument (package:yaml/src/loader.dart:62:20)
#8      Loader.load (package:yaml/src/loader.dart:54:20)
#9      loadYamlDocument (package:yaml/yaml.dart:51:25)
#10     loadYamlNode (package:yaml/yaml.dart:42:5)
#11     loadYaml (package:yaml/yaml.dart:34:5)
#12     _pluginFromPubspec (package:flutter_tools/src/plugins.dart:62:27)
#13     findPlugins.<anonymous closure> (package:flutter_tools/src/plugins.dart:85:27)
#14     __InternalLinkedHashMap&_HashVMBase&MapMixin&_LinkedHashMapMixin.forEach (dart:collection-patch/compact_hash.dart:367:8)
#15     findPlugins (package:flutter_tools/src/plugins.dart:83:12)
#16     refreshPluginsList (package:flutter_tools/src/plugins.dart:287:32)
#17     FlutterProject.ensureReadyForPlatformSpecificTooling (package:flutter_tools/src/project.dart:164:5)
<asynchronous suspension>
#18     FlutterCommand.verifyThenRunCommand (package:flutter_tools/src/runner/flutter_command.dart:549:21)
<asynchronous suspension>
#19     FlutterCommand.run.<anonymous closure> (package:flutter_tools/src/runner/flutter_command.dart:495:33)
<asynchronous suspension>
#20     AppContext.run.<anonymous closure> (package:flutter_tools/src/base/context.dart:142:29)
<asynchronous suspension>
#21     _rootRun (dart:async/zone.dart:1124:13)
#22     _CustomZone.run (dart:async/zone.dart:1021:19)
#23     _runZoned (dart:async/zone.dart:1516:10)
#24     runZoned (dart:async/zone.dart:1463:12)
#25     AppContext.run (package:flutter_tools/src/base/context.dart:141:18)
<asynchronous suspension>
#26     FlutterCommand.run (package:flutter_tools/src/runner/flutter_command.dart:486:20)
#27     CommandRunner.runCommand (package:args/command_runner.dart:196:27)
<asynchronous suspension>
#28     FlutterCommandRunner.runCommand.<anonymous closure> (package:flutter_tools/src/runner/flutter_command_runner.dart:396:21)
<asynchronous suspension>
#29     AppContext.run.<anonymous closure> (package:flutter_tools/src/base/context.dart:142:29)
<asynchronous suspension>
#30     _rootRun (dart:async/zone.dart:1124:13)
#31     _CustomZone.run (dart:async/zone.dart:1021:19)
#32     _runZoned (dart:async/zone.dart:1516:10)
#33     runZoned (dart:async/zone.dart:1463:12)
#34     AppContext.run (package:flutter_tools/src/base/context.dart:141:18)
<asynchronous suspension>
#35     FlutterCommandRunner.runCommand (package:flutter_tools/src/runner/flutter_command_runner.dart:356:19)
<asynchronous suspension>
#36     CommandRunner.run.<anonymous closure> (package:args/command_runner.dart:111:29)
#37     new Future.sync (dart:async/future.dart:224:31)
#38     CommandRunner.run (package:args/command_runner.dart:111:11)
#39     FlutterCommandRunner.run (package:flutter_tools/src/runner/flutter_command_runner.dart:242:18)
#40     run.<anonymous closure> (package:flutter_tools/runner.dart:60:20)
<asynchronous suspension>
#41     AppContext.run.<anonymous closure> (package:flutter_tools/src/base/context.dart:142:29)
<asynchronous suspension>
#42     _rootRun (dart:async/zone.dart:1124:13)
#43     _CustomZone.run (dart:async/zone.dart:1021:19)
#44     _runZoned (dart:async/zone.dart:1516:10)
#45     runZoned (dart:async/zone.dart:1463:12)
#46     AppContext.run (package:flutter_tools/src/base/context.dart:141:18)
<asynchronous suspension>
#47     runInContext (package:flutter_tools/src/context_runner.dart:50:24)
<asynchronous suspension>
#48     run (package:flutter_tools/runner.dart:51:10)
#49     main (package:flutter_tools/executable.dart:60:9)
<asynchronous suspension>
#50     main (file:///Users/niteshmeshram/Documents/FlutterDevelopment/flutter/packages/flutter_tools/bin/flutter_tools.dart:8:3)
#51     _startIsolate.<anonymous closure> (dart:isolate-patch/isolate_patch.dart:298:32)
#52     _RawReceivePortImpl._handleMessage (dart:isolate-patch/isolate_patch.dart:171:12)
```

## flutter doctor

```
[✓] Flutter (Channel stable, v1.5.4-hotfix.2, on Mac OS X 10.14 18A391, locale en-IN)
    • Flutter version 1.5.4-hotfix.2 at /Users/niteshmeshram/Documents/FlutterDevelopment/flutter
    • Framework revision 7a4c33425d (4 weeks ago), 2019-04-29 11:05:24 -0700
    • Engine revision 52c7a1e849
    • Dart version 2.3.0 (build 2.3.0-dev.0.5 a1668566e5)

[!] Android toolchain - develop for Android devices (Android SDK version 28.0.3)
    • Android SDK at /Users/niteshmeshram/Library/Android/sdk
    • Android NDK location not configured (optional; useful for native profiling support)
    • Platform android-28, build-tools 28.0.3
    • Java binary at: /Applications/Android Studio.app/Contents/jre/jdk/Contents/Home/bin/java
    • Java version OpenJDK Runtime Environment (build 1.8.0_152-release-1248-b01)
    ! Some Android licenses not accepted.  To resolve this, run: flutter doctor --android-licenses

[!] iOS toolchain - develop for iOS devices (Xcode 10.1)
    • Xcode at /Applications/Xcode.app/Contents/Developer
    • Xcode 10.1, Build version 10B61
    ✗ libimobiledevice and ideviceinstaller are not installed. To install with Brew, run:
        brew update
        brew install --HEAD usbmuxd
        brew link usbmuxd
        brew install --HEAD libimobiledevice
        brew install ideviceinstaller
    • ios-deploy 2.0.0
    ✗ ios-deploy out of date (1.9.4 is required). To upgrade with Brew:
        brew upgrade ios-deploy
    • CocoaPods version 1.6.0

[✓] Android Studio (version 3.3)
    • Android Studio at /Applications/Android Studio.app/Contents
    • Flutter plugin version 33.1.1
    • Dart plugin version 182.5215
    • Java version OpenJDK Runtime Environment (build 1.8.0_152-release-1248-b01)

[!] VS Code (version 1.33.1)
    • VS Code at /Applications/Visual Studio Code.app/Contents
    ✗ Flutter extension not installed; install from
      https://marketplace.visualstudio.com/items?itemName=Dart-Code.flutter

[✓] Connected device (1 available)
    • iPhone X • 6A90AE80-B09B-4FFC-B2F0-E82DEF261CB3 • ios • iOS 12.1 (simulator)

! Doctor found issues in 3 categories.
```
